<!DOCTYPE html PUBLIC "-//W3C//DTD HTML 4.0 Transitional//EN" "http://www.w3.org/TR/REC-html40/loose.dtd">
<html><body><p>2024-02-15T06:38:38+00:00 INFO Regenerating images for attachment ID: 5839
2024-02-15T06:38:39+00:00 INFO Regenerating images for attachment ID: 5838
2024-02-15T06:38:39+00:00 INFO Regenerating images for attachment ID: 5837
2024-02-15T06:38:40+00:00 INFO Regenerating images for attachment ID: 5802
2024-02-15T06:38:41+00:00 INFO Regenerating images for attachment ID: 5800
2024-02-15T06:38:42+00:00 INFO Regenerating images for attachment ID: 5799
2024-02-15T06:38:43+00:00 INFO Regenerating images for attachment ID: 5785
2024-02-15T06:38:46+00:00 INFO Regenerating images for attachment ID: 5767
2024-02-15T06:38:48+00:00 INFO Regenerating images for attachment ID: 5688
2024-02-15T06:38:49+00:00 INFO Regenerating images for attachment ID: 5635
2024-02-15T06:38:51+00:00 INFO Regenerating images for attachment ID: 235
2024-02-15T06:38:52+00:00 INFO Regenerating images for attachment ID: 234
2024-02-15T06:38:53+00:00 INFO Regenerating images for attachment ID: 233
2024-02-15T06:38:54+00:00 INFO Regenerating images for attachment ID: 231
2024-02-15T06:38:55+00:00 INFO Regenerating images for attachment ID: 229
2024-02-15T06:38:56+00:00 INFO Regenerating images for attachment ID: 228
2024-02-15T06:38:58+00:00 INFO Regenerating images for attachment ID: 95
2024-02-15T06:38:59+00:00 INFO Regenerating images for attachment ID: 94
2024-02-15T06:39:00+00:00 INFO Regenerating images for attachment ID: 93
2024-02-15T06:39:01+00:00 INFO Regenerating images for attachment ID: 92
2024-02-15T06:39:02+00:00 INFO Regenerating images for attachment ID: 91
2024-02-15T06:39:03+00:00 INFO Regenerating images for attachment ID: 90
2024-02-15T06:39:04+00:00 INFO Regenerating images for attachment ID: 89
2024-02-15T06:39:05+00:00 INFO Regenerating images for attachment ID: 88
2024-02-15T06:39:06+00:00 INFO Regenerating images for attachment ID: 86
2024-02-15T06:39:07+00:00 INFO Regenerating images for attachment ID: 85
2024-02-15T06:39:08+00:00 INFO Regenerating images for attachment ID: 84
2024-02-15T06:39:09+00:00 INFO Regenerating images for attachment ID: 83
2024-02-15T06:39:10+00:00 INFO Regenerating images for attachment ID: 82
2024-02-15T06:39:11+00:00 INFO Regenerating images for attachment ID: 81
2024-02-15T06:39:12+00:00 INFO Regenerating images for attachment ID: 80
2024-02-15T06:39:13+00:00 INFO Regenerating images for attachment ID: 79
2024-02-15T06:39:14+00:00 INFO Regenerating images for attachment ID: 78
2024-02-15T06:39:15+00:00 INFO Regenerating images for attachment ID: 77
2024-02-15T06:39:16+00:00 INFO Regenerating images for attachment ID: 76
2024-02-15T06:39:17+00:00 INFO Regenerating images for attachment ID: 75
2024-02-15T06:39:18+00:00 INFO Regenerating images for attachment ID: 41
2024-02-15T06:39:20+00:00 INFO Regenerating images for attachment ID: 38
2024-02-15T06:39:21+00:00 INFO Regenerating images for attachment ID: 31
2024-02-15T06:39:23+00:00 INFO Regenerating images for attachment ID: 29
2024-02-15T06:39:25+00:00 INFO Regenerating images for attachment ID: 28
2024-02-15T06:39:27+00:00 INFO Regenerating images for attachment ID: 27
2024-02-15T06:39:28+00:00 INFO Regenerating images for attachment ID: 23
2024-02-15T06:39:30+00:00 INFO Regenerating images for attachment ID: 18
2024-02-15T06:39:31+00:00 INFO Regenerating images for attachment ID: 17
2024-02-15T06:39:33+00:00 INFO Regenerating images for attachment ID: 16
2024-02-15T06:39:35+00:00 INFO Regenerating images for attachment ID: 9
2024-02-15T06:39:35+00:00 INFO Completed product image regeneration job.
</p></body></html>
<!-- Powered by Staatic (https://staatic.com/) -->